[INFO] Scanning for projects...
[INFO] 
[INFO] ------------------< com.iglesia:adventistas-backend >-------------------
[INFO] Building adventistas-backend 1.0.0
[INFO]   from pom.xml
[INFO] --------------------------------[ jar ]---------------------------------
[INFO] 
[INFO] >>> spring-boot:3.2.1:run (default-cli) > test-compile @ adventistas-backend >>>
[INFO] 
[INFO] --- resources:3.3.1:resources (default-resources) @ adventistas-backend ---
[INFO] Copying 1 resource from src/main/resources to target/classes
[INFO] Copying 0 resource from src/main/resources to target/classes
[INFO] 
[INFO] --- compiler:3.11.0:compile (default-compile) @ adventistas-backend ---
[INFO] Nothing to compile - all classes are up to date
[INFO] 
[INFO] --- resources:3.3.1:testResources (default-testResources) @ adventistas-backend ---
[INFO] skip non existing resourceDirectory /Users/omarcondori/Documents/Iglesia-web/adventistas-backend/src/test/resources
[INFO] 
[INFO] --- compiler:3.11.0:testCompile (default-testCompile) @ adventistas-backend ---
[INFO] Changes detected - recompiling the module! :source
[INFO] Compiling 1 source file with javac [debug release 17] to target/test-classes
[INFO] 
[INFO] <<< spring-boot:3.2.1:run (default-cli) < test-compile @ adventistas-backend <<<
[INFO] 
[INFO] 
[INFO] --- spring-boot:3.2.1:run (default-cli) @ adventistas-backend ---
[INFO] Attaching agents: []

  .   ____          _            __ _ _
 /\\ / ___'_ __ _ _(_)_ __  __ _ \ \ \ \
( ( )\___ | '_ | '_| | '_ \/ _` | \ \ \ \
 \\/  ___)| |_)| | | | | || (_| |  ) ) ) )
  '  |____| .__|_| |_|_| |_\__, | / / / /
 =========|_|==============|___/=/_/_/_/
 :: Spring Boot ::                (v3.2.1)

2025-12-03 23:22:49 - Starting AdventistasBackendApplication using Java 17.0.16 with PID 51652 (/Users/omarcondori/Documents/Iglesia-web/adventistas-backend/target/classes started by omarcondori in /Users/omarcondori/Documents/Iglesia-web/adventistas-backend)
2025-12-03 23:22:49 - Running with Spring Boot v3.2.1, Spring v6.1.2
2025-12-03 23:22:49 - No active profile set, falling back to 1 default profile: "default"
2025-12-03 23:22:50 - Bootstrapping Spring Data JPA repositories in DEFAULT mode.
2025-12-03 23:22:50 - Finished Spring Data repository scanning in 36 ms. Found 14 JPA repository interfaces.
2025-12-03 23:22:50 - Tomcat initialized with port 8080 (http)
2025-12-03 23:22:50 - Starting service [Tomcat]
2025-12-03 23:22:50 - Starting Servlet engine: [Apache Tomcat/10.1.17]
2025-12-03 23:22:50 - Initializing Spring embedded WebApplicationContext
2025-12-03 23:22:50 - Root WebApplicationContext: initialization completed in 579 ms
2025-12-03 23:22:50 - HHH000204: Processing PersistenceUnitInfo [name: default]
2025-12-03 23:22:50 - HHH000412: Hibernate ORM core version 6.4.1.Final
2025-12-03 23:22:50 - HHH000026: Second-level cache disabled
2025-12-03 23:22:50 - No LoadTimeWeaver setup: ignoring JPA class transformer
2025-12-03 23:22:50 - HikariPool-1 - Starting...
2025-12-03 23:22:50 - HikariPool-1 - Added connection org.postgresql.jdbc.PgConnection@4a9869a8
2025-12-03 23:22:50 - HikariPool-1 - Start completed.
2025-12-03 23:22:50 - HHH90000025: PostgreSQLDialect does not need to be specified explicitly using 'hibernate.dialect' (remove the property setting and it will be selected by default)
2025-12-03 23:22:51 - HHH000489: No JTA platform available (set 'hibernate.transaction.jta.platform' to enable JTA platform integration)
2025-12-03 23:22:51 - Initialized JPA EntityManagerFactory for persistence unit 'default'
2025-12-03 23:22:51 - Hibernate is in classpath; If applicable, HQL parser will be used.
2025-12-03 23:22:51 - Filter 'jwtAuthenticationFilter' configured for use
2025-12-03 23:22:52 - spring.jpa.open-in-view is enabled by default. Therefore, database queries may be performed during view rendering. Explicitly configure spring.jpa.open-in-view to disable this warning
2025-12-03 23:22:52 - Will secure any request with [org.springframework.security.web.session.DisableEncodeUrlFilter@4f517209, org.springframework.security.web.context.request.async.WebAsyncManagerIntegrationFilter@60877629, org.springframework.security.web.context.SecurityContextHolderFilter@7f913c47, org.springframework.security.web.header.HeaderWriterFilter@15a8b228, org.springframework.web.filter.CorsFilter@fbc1de9, org.springframework.security.web.authentication.logout.LogoutFilter@65e4ee59, com.iglesia.adventistas.security.JwtAuthenticationFilter@150963fe, org.springframework.security.web.savedrequest.RequestCacheAwareFilter@6cf58989, org.springframework.security.web.servletapi.SecurityContextHolderAwareRequestFilter@3a1dc432, org.springframework.security.web.authentication.AnonymousAuthenticationFilter@7e86ff3b, org.springframework.security.web.session.SessionManagementFilter@1f299fc3, org.springframework.security.web.access.ExceptionTranslationFilter@354d5692, org.springframework.security.web.access.intercept.AuthorizationFilter@4b5c84be]
2025-12-03 23:22:52 - Tomcat started on port 8080 (http) with context path ''
2025-12-03 23:22:52 - Started AdventistasBackendApplication in 2.617 seconds (process running for 2.731)
2025-12-03 23:23:16 - Initializing Spring DispatcherServlet 'dispatcherServlet'
2025-12-03 23:23:16 - Initializing Servlet 'dispatcherServlet'
2025-12-03 23:23:16 - Completed initialization in 1 ms
2025-12-03 23:23:16 - Securing POST /api/departments
Hibernate: 
    select
        u1_0.id,
        u1_0.avatar_url,
        u1_0.created_at,
        u1_0.deleted_at,
        u1_0.email,
        u1_0.email_verified_at,
        u1_0.first_name,
        u1_0.is_active,
        u1_0.last_login_at,
        u1_0.last_name,
        u1_0.password,
        u1_0.phone,
        u1_0.updated_at 
    from
        users u1_0 
    where
        u1_0.email=? 
        and u1_0.deleted_at is null
Hibernate: 
    select
        r1_0.user_id,
        r1_1.id,
        r1_1.created_at,
        r1_1.description,
        r1_1.is_system,
        r1_1.name,
        p1_0.role_id,
        p1_1.id,
        p1_1.created_at,
        p1_1.description,
        p1_1.module,
        p1_1.name,
        p1_1.slug,
        p1_1.updated_at,
        r1_1.slug,
        r1_1.updated_at 
    from
        user_roles r1_0 
    join
        roles r1_1 
            on r1_1.id=r1_0.role_id 
    left join
        role_permissions p1_0 
            on r1_1.id=p1_0.role_id 
    left join
        permissions p1_1 
            on p1_1.id=p1_0.permission_id 
    where
        r1_0.user_id=?
2025-12-03 23:23:16 - Secured POST /api/departments
2025-12-03 23:23:16 - Authorizing method invocation ReflectiveMethodInvocation: public org.springframework.http.ResponseEntity com.iglesia.adventistas.modules.departments.controller.DepartmentController.createDepartment(com.iglesia.adventistas.modules.departments.dto.CreateDepartmentRequest); target is of class [com.iglesia.adventistas.modules.departments.controller.DepartmentController]
2025-12-03 23:23:16 - Failed to authorize ReflectiveMethodInvocation: public org.springframework.http.ResponseEntity com.iglesia.adventistas.modules.departments.controller.DepartmentController.createDepartment(com.iglesia.adventistas.modules.departments.dto.CreateDepartmentRequest); target is of class [com.iglesia.adventistas.modules.departments.controller.DepartmentController] with authorization manager org.springframework.security.config.annotation.method.configuration.DeferringObservationAuthorizationManager@6d72d0c5 and decision ExpressionAuthorizationDecision [granted=false, expressionAttribute=hasAuthority('departments.manage')]
2025-12-03 23:23:37 - Securing GET /api/users?page=0&size=1
Hibernate: 
    select
        u1_0.id,
        u1_0.avatar_url,
        u1_0.created_at,
        u1_0.deleted_at,
        u1_0.email,
        u1_0.email_verified_at,
        u1_0.first_name,
        u1_0.is_active,
        u1_0.last_login_at,
        u1_0.last_name,
        u1_0.password,
        u1_0.phone,
        u1_0.updated_at 
    from
        users u1_0 
    where
        u1_0.email=? 
        and u1_0.deleted_at is null
Hibernate: 
    select
        r1_0.user_id,
        r1_1.id,
        r1_1.created_at,
        r1_1.description,
        r1_1.is_system,
        r1_1.name,
        p1_0.role_id,
        p1_1.id,
        p1_1.created_at,
        p1_1.description,
        p1_1.module,
        p1_1.name,
        p1_1.slug,
        p1_1.updated_at,
        r1_1.slug,
        r1_1.updated_at 
    from
        user_roles r1_0 
    join
        roles r1_1 
            on r1_1.id=r1_0.role_id 
    left join
        role_permissions p1_0 
            on r1_1.id=p1_0.role_id 
    left join
        permissions p1_1 
            on p1_1.id=p1_0.permission_id 
    where
        r1_0.user_id=?
2025-12-03 23:23:37 - Secured GET /api/users?page=0&size=1
2025-12-03 23:23:37 - Authorizing method invocation ReflectiveMethodInvocation: public org.springframework.http.ResponseEntity com.iglesia.adventistas.modules.users.controller.UserController.getAllUsers(org.springframework.data.domain.Pageable); target is of class [com.iglesia.adventistas.modules.users.controller.UserController]
2025-12-03 23:23:37 - Authorized method invocation ReflectiveMethodInvocation: public org.springframework.http.ResponseEntity com.iglesia.adventistas.modules.users.controller.UserController.getAllUsers(org.springframework.data.domain.Pageable); target is of class [com.iglesia.adventistas.modules.users.controller.UserController]
2025-12-03 23:23:37 - Getting all users with pagination
Hibernate: 
    select
        u1_0.id,
        u1_0.avatar_url,
        u1_0.created_at,
        u1_0.deleted_at,
        u1_0.email,
        u1_0.email_verified_at,
        u1_0.first_name,
        u1_0.is_active,
        u1_0.last_login_at,
        u1_0.last_name,
        u1_0.password,
        u1_0.phone,
        u1_0.updated_at 
    from
        users u1_0 
    offset
        ? rows 
    fetch
        first ? rows only
Hibernate: 
    select
        r1_0.user_id,
        r1_1.id,
        r1_1.created_at,
        r1_1.description,
        r1_1.is_system,
        r1_1.name,
        p1_0.role_id,
        p1_1.id,
        p1_1.created_at,
        p1_1.description,
        p1_1.module,
        p1_1.name,
        p1_1.slug,
        p1_1.updated_at,
        r1_1.slug,
        r1_1.updated_at 
    from
        user_roles r1_0 
    join
        roles r1_1 
            on r1_1.id=r1_0.role_id 
    left join
        role_permissions p1_0 
            on r1_1.id=p1_0.role_id 
    left join
        permissions p1_1 
            on p1_1.id=p1_0.permission_id 
    where
        r1_0.user_id=?
Hibernate: 
    select
        count(u1_0.id) 
    from
        users u1_0
2025-12-03 23:24:13 - Securing GET /swagger-ui/index.html
2025-12-03 23:24:13 - Set SecurityContextHolder to anonymous SecurityContext
2025-12-03 23:24:13 - Secured GET /swagger-ui/index.html
2025-12-03 23:24:13 - Securing GET /swagger-ui/swagger-ui-bundle.js
2025-12-03 23:24:13 - Securing GET /swagger-ui/index.css
2025-12-03 23:24:13 - Securing GET /swagger-ui/swagger-ui.css
2025-12-03 23:24:13 - Securing GET /swagger-ui/swagger-initializer.js
2025-12-03 23:24:13 - Securing GET /swagger-ui/swagger-ui-standalone-preset.js
2025-12-03 23:24:13 - Set SecurityContextHolder to anonymous SecurityContext
2025-12-03 23:24:13 - Set SecurityContextHolder to anonymous SecurityContext
2025-12-03 23:24:13 - Set SecurityContextHolder to anonymous SecurityContext
2025-12-03 23:24:13 - Set SecurityContextHolder to anonymous SecurityContext
2025-12-03 23:24:13 - Set SecurityContextHolder to anonymous SecurityContext
2025-12-03 23:24:13 - Secured GET /swagger-ui/swagger-initializer.js
2025-12-03 23:24:13 - Secured GET /swagger-ui/swagger-ui.css
2025-12-03 23:24:13 - Secured GET /swagger-ui/swagger-ui-bundle.js
2025-12-03 23:24:13 - Secured GET /swagger-ui/swagger-ui-standalone-preset.js
2025-12-03 23:24:13 - Secured GET /swagger-ui/index.css
2025-12-03 23:24:13 - Securing GET /v3/api-docs/swagger-config
2025-12-03 23:24:13 - Securing GET /swagger-ui/favicon-32x32.png
2025-12-03 23:24:13 - Set SecurityContextHolder to anonymous SecurityContext
2025-12-03 23:24:13 - Set SecurityContextHolder to anonymous SecurityContext
2025-12-03 23:24:13 - Secured GET /swagger-ui/favicon-32x32.png
2025-12-03 23:24:13 - Secured GET /v3/api-docs/swagger-config
2025-12-03 23:24:13 - Securing GET /v3/api-docs
2025-12-03 23:24:13 - Set SecurityContextHolder to anonymous SecurityContext
2025-12-03 23:24:13 - Secured GET /v3/api-docs
2025-12-03 23:24:14 - Init duration for springdoc-openapi is: 282 ms
2025-12-03 23:24:41 - Securing GET /api/users?page=0&size=1&sort=string
Hibernate: 
    select
        u1_0.id,
        u1_0.avatar_url,
        u1_0.created_at,
        u1_0.deleted_at,
        u1_0.email,
        u1_0.email_verified_at,
        u1_0.first_name,
        u1_0.is_active,
        u1_0.last_login_at,
        u1_0.last_name,
        u1_0.password,
        u1_0.phone,
        u1_0.updated_at 
    from
        users u1_0 
    where
        u1_0.email=? 
        and u1_0.deleted_at is null
Hibernate: 
    select
        r1_0.user_id,
        r1_1.id,
        r1_1.created_at,
        r1_1.description,
        r1_1.is_system,
        r1_1.name,
        p1_0.role_id,
        p1_1.id,
        p1_1.created_at,
        p1_1.description,
        p1_1.module,
        p1_1.name,
        p1_1.slug,
        p1_1.updated_at,
        r1_1.slug,
        r1_1.updated_at 
    from
        user_roles r1_0 
    join
        roles r1_1 
            on r1_1.id=r1_0.role_id 
    left join
        role_permissions p1_0 
            on r1_1.id=p1_0.role_id 
    left join
        permissions p1_1 
            on p1_1.id=p1_0.permission_id 
    where
        r1_0.user_id=?
2025-12-03 23:24:41 - Secured GET /api/users?page=0&size=1&sort=string
2025-12-03 23:24:41 - Authorizing method invocation ReflectiveMethodInvocation: public org.springframework.http.ResponseEntity com.iglesia.adventistas.modules.users.controller.UserController.getAllUsers(org.springframework.data.domain.Pageable); target is of class [com.iglesia.adventistas.modules.users.controller.UserController]
2025-12-03 23:24:41 - Authorized method invocation ReflectiveMethodInvocation: public org.springframework.http.ResponseEntity com.iglesia.adventistas.modules.users.controller.UserController.getAllUsers(org.springframework.data.domain.Pageable); target is of class [com.iglesia.adventistas.modules.users.controller.UserController]
2025-12-03 23:24:41 - Getting all users with pagination
2025-12-03 23:24:41 - Unexpected error
org.springframework.data.mapping.PropertyReferenceException: No property 'string' found for type 'User'
	at org.springframework.data.mapping.PropertyPath.<init>(PropertyPath.java:90)
	at org.springframework.data.mapping.PropertyPath.create(PropertyPath.java:443)
	at org.springframework.data.mapping.PropertyPath.create(PropertyPath.java:419)
	at org.springframework.data.mapping.PropertyPath.lambda$from$0(PropertyPath.java:372)
	at java.base/java.util.concurrent.ConcurrentMap.computeIfAbsent(ConcurrentMap.java:330)
	at org.springframework.data.mapping.PropertyPath.from(PropertyPath.java:354)
	at org.springframework.data.mapping.PropertyPath.from(PropertyPath.java:332)
	at org.springframework.data.jpa.repository.query.QueryUtils.toJpaOrder(QueryUtils.java:740)
	at org.springframework.data.jpa.repository.query.QueryUtils.toOrders(QueryUtils.java:693)
	at org.springframework.data.jpa.repository.support.SimpleJpaRepository.getQuery(SimpleJpaRepository.java:753)
	at org.springframework.data.jpa.repository.support.SimpleJpaRepository.getQuery(SimpleJpaRepository.java:710)
	at org.springframework.data.jpa.repository.support.SimpleJpaRepository.findAll(SimpleJpaRepository.java:447)
	at org.springframework.data.jpa.repository.support.SimpleJpaRepository.findAll(SimpleJpaRepository.java:426)
	at java.base/jdk.internal.reflect.NativeMethodAccessorImpl.invoke0(Native Method)
	at java.base/jdk.internal.reflect.NativeMethodAccessorImpl.invoke(NativeMethodAccessorImpl.java:77)
	at java.base/jdk.internal.reflect.DelegatingMethodAccessorImpl.invoke(DelegatingMethodAccessorImpl.java:43)
	at java.base/java.lang.reflect.Method.invoke(Method.java:569)
	at org.springframework.aop.support.AopUtils.invokeJoinpointUsingReflection(AopUtils.java:352)
	at org.springframework.data.repository.core.support.RepositoryMethodInvoker$RepositoryFragmentMethodInvoker.lambda$new$0(RepositoryMethodInvoker.java:277)
	at org.springframework.data.repository.core.support.RepositoryMethodInvoker.doInvoke(RepositoryMethodInvoker.java:170)
	at org.springframework.data.repository.core.support.RepositoryMethodInvoker.invoke(RepositoryMethodInvoker.java:158)
	at org.springframework.data.repository.core.support.RepositoryComposition$RepositoryFragments.invoke(RepositoryComposition.java:516)
	at org.springframework.data.repository.core.support.RepositoryComposition.invoke(RepositoryComposition.java:285)
	at org.springframework.data.repository.core.support.RepositoryFactorySupport$ImplementationMethodExecutionInterceptor.invoke(RepositoryFactorySupport.java:628)
	at org.springframework.aop.framework.ReflectiveMethodInvocation.proceed(ReflectiveMethodInvocation.java:184)
	at org.springframework.data.repository.core.support.QueryExecutorMethodInterceptor.doInvoke(QueryExecutorMethodInterceptor.java:168)
	at org.springframework.data.repository.core.support.QueryExecutorMethodInterceptor.invoke(QueryExecutorMethodInterceptor.java:143)
	at org.springframework.aop.framework.ReflectiveMethodInvocation.proceed(ReflectiveMethodInvocation.java:184)
	at org.springframework.data.projection.DefaultMethodInvokingMethodInterceptor.invoke(DefaultMethodInvokingMethodInterceptor.java:70)
	at org.springframework.aop.framework.ReflectiveMethodInvocation.proceed(ReflectiveMethodInvocation.java:184)
	at org.springframework.transaction.interceptor.TransactionInterceptor$1.proceedWithInvocation(TransactionInterceptor.java:123)
	at org.springframework.transaction.interceptor.TransactionAspectSupport.invokeWithinTransaction(TransactionAspectSupport.java:385)
	at org.springframework.transaction.interceptor.TransactionInterceptor.invoke(TransactionInterceptor.java:119)
	at org.springframework.aop.framework.ReflectiveMethodInvocation.proceed(ReflectiveMethodInvocation.java:184)
	at org.springframework.dao.support.PersistenceExceptionTranslationInterceptor.invoke(PersistenceExceptionTranslationInterceptor.java:137)
	at org.springframework.aop.framework.ReflectiveMethodInvocation.proceed(ReflectiveMethodInvocation.java:184)
	at org.springframework.data.jpa.repository.support.CrudMethodMetadataPostProcessor$CrudMethodMetadataPopulatingMethodInterceptor.invoke(CrudMethodMetadataPostProcessor.java:164)
	at org.springframework.aop.framework.ReflectiveMethodInvocation.proceed(ReflectiveMethodInvocation.java:184)
	at org.springframework.aop.interceptor.ExposeInvocationInterceptor.invoke(ExposeInvocationInterceptor.java:97)
	at org.springframework.aop.framework.ReflectiveMethodInvocation.proceed(ReflectiveMethodInvocation.java:184)
	at org.springframework.aop.framework.JdkDynamicAopProxy.invoke(JdkDynamicAopProxy.java:249)
	at jdk.proxy2/jdk.proxy2.$Proxy155.findAll(Unknown Source)
	at com.iglesia.adventistas.modules.users.service.UserServiceImpl.getAllUsers(UserServiceImpl.java:104)
	at java.base/jdk.internal.reflect.NativeMethodAccessorImpl.invoke0(Native Method)
	at java.base/jdk.internal.reflect.NativeMethodAccessorImpl.invoke(NativeMethodAccessorImpl.java:77)
	at java.base/jdk.internal.reflect.DelegatingMethodAccessorImpl.invoke(DelegatingMethodAccessorImpl.java:43)
	at java.base/java.lang.reflect.Method.invoke(Method.java:569)
	at org.springframework.aop.support.AopUtils.invokeJoinpointUsingReflection(AopUtils.java:352)
	at org.springframework.aop.framework.ReflectiveMethodInvocation.invokeJoinpoint(ReflectiveMethodInvocation.java:196)
	at org.springframework.aop.framework.ReflectiveMethodInvocation.proceed(ReflectiveMethodInvocation.java:163)
	at org.springframework.aop.framework.CglibAopProxy$CglibMethodInvocation.proceed(CglibAopProxy.java:765)
	at org.springframework.transaction.interceptor.TransactionInterceptor$1.proceedWithInvocation(TransactionInterceptor.java:123)
	at org.springframework.transaction.interceptor.TransactionAspectSupport.invokeWithinTransaction(TransactionAspectSupport.java:385)
	at org.springframework.transaction.interceptor.TransactionInterceptor.invoke(TransactionInterceptor.java:119)
	at org.springframework.aop.framework.ReflectiveMethodInvocation.proceed(ReflectiveMethodInvocation.java:184)
	at org.springframework.aop.framework.CglibAopProxy$CglibMethodInvocation.proceed(CglibAopProxy.java:765)
	at org.springframework.aop.framework.CglibAopProxy$DynamicAdvisedInterceptor.intercept(CglibAopProxy.java:717)
	at com.iglesia.adventistas.modules.users.service.UserServiceImpl$$SpringCGLIB$$0.getAllUsers(<generated>)
	at com.iglesia.adventistas.modules.users.controller.UserController.getAllUsers(UserController.java:54)
	at java.base/jdk.internal.reflect.NativeMethodAccessorImpl.invoke0(Native Method)
	at java.base/jdk.internal.reflect.NativeMethodAccessorImpl.invoke(NativeMethodAccessorImpl.java:77)
	at java.base/jdk.internal.reflect.DelegatingMethodAccessorImpl.invoke(DelegatingMethodAccessorImpl.java:43)
	at java.base/java.lang.reflect.Method.invoke(Method.java:569)
	at org.springframework.aop.support.AopUtils.invokeJoinpointUsingReflection(AopUtils.java:352)
	at org.springframework.aop.framework.ReflectiveMethodInvocation.invokeJoinpoint(ReflectiveMethodInvocation.java:196)
	at org.springframework.aop.framework.ReflectiveMethodInvocation.proceed(ReflectiveMethodInvocation.java:163)
	at org.springframework.aop.framework.CglibAopProxy$CglibMethodInvocation.proceed(CglibAopProxy.java:765)
	at org.springframework.security.authorization.method.AuthorizationManagerBeforeMethodInterceptor.invoke(AuthorizationManagerBeforeMethodInterceptor.java:198)
	at org.springframework.aop.framework.ReflectiveMethodInvocation.proceed(ReflectiveMethodInvocation.java:184)
	at org.springframework.aop.framework.CglibAopProxy$CglibMethodInvocation.proceed(CglibAopProxy.java:765)
	at org.springframework.aop.framework.CglibAopProxy$DynamicAdvisedInterceptor.intercept(CglibAopProxy.java:717)
	at com.iglesia.adventistas.modules.users.controller.UserController$$SpringCGLIB$$0.getAllUsers(<generated>)
	at java.base/jdk.internal.reflect.NativeMethodAccessorImpl.invoke0(Native Method)
	at java.base/jdk.internal.reflect.NativeMethodAccessorImpl.invoke(NativeMethodAccessorImpl.java:77)
	at java.base/jdk.internal.reflect.DelegatingMethodAccessorImpl.invoke(DelegatingMethodAccessorImpl.java:43)
	at java.base/java.lang.reflect.Method.invoke(Method.java:569)
	at org.springframework.web.method.support.InvocableHandlerMethod.doInvoke(InvocableHandlerMethod.java:262)
	at org.springframework.web.method.support.InvocableHandlerMethod.invokeForRequest(InvocableHandlerMethod.java:190)
	at org.springframework.web.servlet.mvc.method.annotation.ServletInvocableHandlerMethod.invokeAndHandle(ServletInvocableHandlerMethod.java:118)
	at org.springframework.web.servlet.mvc.method.annotation.RequestMappingHandlerAdapter.invokeHandlerMethod(RequestMappingHandlerAdapter.java:917)
	at org.springframework.web.servlet.mvc.method.annotation.RequestMappingHandlerAdapter.handleInternal(RequestMappingHandlerAdapter.java:829)
	at org.springframework.web.servlet.mvc.method.AbstractHandlerMethodAdapter.handle(AbstractHandlerMethodAdapter.java:87)
	at org.springframework.web.servlet.DispatcherServlet.doDispatch(DispatcherServlet.java:1089)
	at org.springframework.web.servlet.DispatcherServlet.doService(DispatcherServlet.java:979)
	at org.springframework.web.servlet.FrameworkServlet.processRequest(FrameworkServlet.java:1014)
	at org.springframework.web.servlet.FrameworkServlet.doGet(FrameworkServlet.java:903)
	at jakarta.servlet.http.HttpServlet.service(HttpServlet.java:564)
	at org.springframework.web.servlet.FrameworkServlet.service(FrameworkServlet.java:885)
	at jakarta.servlet.http.HttpServlet.service(HttpServlet.java:658)
	at org.apache.catalina.core.ApplicationFilterChain.internalDoFilter(ApplicationFilterChain.java:205)
	at org.apache.catalina.core.ApplicationFilterChain.doFilter(ApplicationFilterChain.java:149)
	at org.apache.tomcat.websocket.server.WsFilter.doFilter(WsFilter.java:51)
	at org.apache.catalina.core.ApplicationFilterChain.internalDoFilter(ApplicationFilterChain.java:174)
	at org.apache.catalina.core.ApplicationFilterChain.doFilter(ApplicationFilterChain.java:149)
	at org.springframework.web.filter.OncePerRequestFilter.doFilter(OncePerRequestFilter.java:110)
	at org.apache.catalina.core.ApplicationFilterChain.internalDoFilter(ApplicationFilterChain.java:174)
	at org.apache.catalina.core.ApplicationFilterChain.doFilter(ApplicationFilterChain.java:149)
	at org.springframework.web.filter.OncePerRequestFilter.doFilter(OncePerRequestFilter.java:110)
	at org.apache.catalina.core.ApplicationFilterChain.internalDoFilter(ApplicationFilterChain.java:174)
	at org.apache.catalina.core.ApplicationFilterChain.doFilter(ApplicationFilterChain.java:149)
	at org.springframework.web.filter.CompositeFilter$VirtualFilterChain.doFilter(CompositeFilter.java:108)
	at org.springframework.security.web.FilterChainProxy.lambda$doFilterInternal$3(FilterChainProxy.java:231)
	at org.springframework.security.web.FilterChainProxy$VirtualFilterChain.doFilter(FilterChainProxy.java:365)
	at org.springframework.security.web.access.intercept.AuthorizationFilter.doFilter(AuthorizationFilter.java:100)
	at org.springframework.security.web.FilterChainProxy$VirtualFilterChain.doFilter(FilterChainProxy.java:374)
	at org.springframework.security.web.access.ExceptionTranslationFilter.doFilter(ExceptionTranslationFilter.java:126)
	at org.springframework.security.web.access.ExceptionTranslationFilter.doFilter(ExceptionTranslationFilter.java:120)
	at org.springframework.security.web.FilterChainProxy$VirtualFilterChain.doFilter(FilterChainProxy.java:374)
	at org.springframework.security.web.session.SessionManagementFilter.doFilter(SessionManagementFilter.java:131)
	at org.springframework.security.web.session.SessionManagementFilter.doFilter(SessionManagementFilter.java:85)
	at org.springframework.security.web.FilterChainProxy$VirtualFilterChain.doFilter(FilterChainProxy.java:374)
	at org.springframework.security.web.authentication.AnonymousAuthenticationFilter.doFilter(AnonymousAuthenticationFilter.java:100)
	at org.springframework.security.web.FilterChainProxy$VirtualFilterChain.doFilter(FilterChainProxy.java:374)
	at org.springframework.security.web.servletapi.SecurityContextHolderAwareRequestFilter.doFilter(SecurityContextHolderAwareRequestFilter.java:179)
	at org.springframework.security.web.FilterChainProxy$VirtualFilterChain.doFilter(FilterChainProxy.java:374)
	at org.springframework.security.web.savedrequest.RequestCacheAwareFilter.doFilter(RequestCacheAwareFilter.java:63)
	at org.springframework.security.web.FilterChainProxy$VirtualFilterChain.doFilter(FilterChainProxy.java:374)
	at com.iglesia.adventistas.security.JwtAuthenticationFilter.doFilterInternal(JwtAuthenticationFilter.java:58)
	at org.springframework.web.filter.OncePerRequestFilter.doFilter(OncePerRequestFilter.java:116)
	at org.springframework.security.web.FilterChainProxy$VirtualFilterChain.doFilter(FilterChainProxy.java:374)
	at org.springframework.security.web.authentication.logout.LogoutFilter.doFilter(LogoutFilter.java:107)
	at org.springframework.security.web.authentication.logout.LogoutFilter.doFilter(LogoutFilter.java:93)
	at org.springframework.security.web.FilterChainProxy$VirtualFilterChain.doFilter(FilterChainProxy.java:374)
	at org.springframework.web.filter.CorsFilter.doFilterInternal(CorsFilter.java:91)
	at org.springframework.web.filter.OncePerRequestFilter.doFilter(OncePerRequestFilter.java:116)
	at org.springframework.security.web.FilterChainProxy$VirtualFilterChain.doFilter(FilterChainProxy.java:374)
	at org.springframework.security.web.header.HeaderWriterFilter.doHeadersAfter(HeaderWriterFilter.java:90)
	at org.springframework.security.web.header.HeaderWriterFilter.doFilterInternal(HeaderWriterFilter.java:75)
	at org.springframework.web.filter.OncePerRequestFilter.doFilter(OncePerRequestFilter.java:116)
	at org.springframework.security.web.FilterChainProxy$VirtualFilterChain.doFilter(FilterChainProxy.java:374)
	at org.springframework.security.web.context.SecurityContextHolderFilter.doFilter(SecurityContextHolderFilter.java:82)
	at org.springframework.security.web.context.SecurityContextHolderFilter.doFilter(SecurityContextHolderFilter.java:69)
	at org.springframework.security.web.FilterChainProxy$VirtualFilterChain.doFilter(FilterChainProxy.java:374)
	at org.springframework.security.web.context.request.async.WebAsyncManagerIntegrationFilter.doFilterInternal(WebAsyncManagerIntegrationFilter.java:62)
	at org.springframework.web.filter.OncePerRequestFilter.doFilter(OncePerRequestFilter.java:116)
	at org.springframework.security.web.FilterChainProxy$VirtualFilterChain.doFilter(FilterChainProxy.java:374)
	at org.springframework.security.web.session.DisableEncodeUrlFilter.doFilterInternal(DisableEncodeUrlFilter.java:42)
	at org.springframework.web.filter.OncePerRequestFilter.doFilter(OncePerRequestFilter.java:116)
	at org.springframework.security.web.FilterChainProxy$VirtualFilterChain.doFilter(FilterChainProxy.java:374)
	at org.springframework.security.web.FilterChainProxy.doFilterInternal(FilterChainProxy.java:233)
	at org.springframework.security.web.FilterChainProxy.doFilter(FilterChainProxy.java:191)
	at org.springframework.web.filter.CompositeFilter$VirtualFilterChain.doFilter(CompositeFilter.java:113)
	at org.springframework.web.servlet.handler.HandlerMappingIntrospector.lambda$createCacheFilter$3(HandlerMappingIntrospector.java:195)
	at org.springframework.web.filter.CompositeFilter$VirtualFilterChain.doFilter(CompositeFilter.java:113)
	at org.springframework.web.filter.CompositeFilter.doFilter(CompositeFilter.java:74)
	at org.springframework.security.config.annotation.web.configuration.WebMvcSecurityConfiguration$CompositeFilterChainProxy.doFilter(WebMvcSecurityConfiguration.java:225)
	at org.springframework.web.filter.DelegatingFilterProxy.invokeDelegate(DelegatingFilterProxy.java:352)
	at org.springframework.web.filter.DelegatingFilterProxy.doFilter(DelegatingFilterProxy.java:268)
	at org.apache.catalina.core.ApplicationFilterChain.internalDoFilter(ApplicationFilterChain.java:174)
	at org.apache.catalina.core.ApplicationFilterChain.doFilter(ApplicationFilterChain.java:149)
	at org.springframework.web.filter.RequestContextFilter.doFilterInternal(RequestContextFilter.java:100)
	at org.springframework.web.filter.OncePerRequestFilter.doFilter(OncePerRequestFilter.java:116)
	at org.apache.catalina.core.ApplicationFilterChain.internalDoFilter(ApplicationFilterChain.java:174)
	at org.apache.catalina.core.ApplicationFilterChain.doFilter(ApplicationFilterChain.java:149)
	at org.springframework.web.filter.FormContentFilter.doFilterInternal(FormContentFilter.java:93)
	at org.springframework.web.filter.OncePerRequestFilter.doFilter(OncePerRequestFilter.java:116)
	at org.apache.catalina.core.ApplicationFilterChain.internalDoFilter(ApplicationFilterChain.java:174)
	at org.apache.catalina.core.ApplicationFilterChain.doFilter(ApplicationFilterChain.java:149)
	at org.springframework.web.filter.CharacterEncodingFilter.doFilterInternal(CharacterEncodingFilter.java:201)
	at org.springframework.web.filter.OncePerRequestFilter.doFilter(OncePerRequestFilter.java:116)
	at org.apache.catalina.core.ApplicationFilterChain.internalDoFilter(ApplicationFilterChain.java:174)
	at org.apache.catalina.core.ApplicationFilterChain.doFilter(ApplicationFilterChain.java:149)
	at org.apache.catalina.core.StandardWrapperValve.invoke(StandardWrapperValve.java:167)
	at org.apache.catalina.core.StandardContextValve.invoke(StandardContextValve.java:90)
	at org.apache.catalina.authenticator.AuthenticatorBase.invoke(AuthenticatorBase.java:482)
	at org.apache.catalina.core.StandardHostValve.invoke(StandardHostValve.java:115)
	at org.apache.catalina.valves.ErrorReportValve.invoke(ErrorReportValve.java:93)
	at org.apache.catalina.core.StandardEngineValve.invoke(StandardEngineValve.java:74)
	at org.apache.catalina.connector.CoyoteAdapter.service(CoyoteAdapter.java:340)
	at org.apache.coyote.http11.Http11Processor.service(Http11Processor.java:391)
	at org.apache.coyote.AbstractProcessorLight.process(AbstractProcessorLight.java:63)
	at org.apache.coyote.AbstractProtocol$ConnectionHandler.process(AbstractProtocol.java:896)
	at org.apache.tomcat.util.net.NioEndpoint$SocketProcessor.doRun(NioEndpoint.java:1744)
	at org.apache.tomcat.util.net.SocketProcessorBase.run(SocketProcessorBase.java:52)
	at org.apache.tomcat.util.threads.ThreadPoolExecutor.runWorker(ThreadPoolExecutor.java:1191)
	at org.apache.tomcat.util.threads.ThreadPoolExecutor$Worker.run(ThreadPoolExecutor.java:659)
	at org.apache.tomcat.util.threads.TaskThread$WrappingRunnable.run(TaskThread.java:61)
	at java.base/java.lang.Thread.run(Thread.java:840)
2025-12-03 23:25:39 - Securing POST /api/users
Hibernate: 
    select
        u1_0.id,
        u1_0.avatar_url,
        u1_0.created_at,
        u1_0.deleted_at,
        u1_0.email,
        u1_0.email_verified_at,
        u1_0.first_name,
        u1_0.is_active,
        u1_0.last_login_at,
        u1_0.last_name,
        u1_0.password,
        u1_0.phone,
        u1_0.updated_at 
    from
        users u1_0 
    where
        u1_0.email=? 
        and u1_0.deleted_at is null
Hibernate: 
    select
        r1_0.user_id,
        r1_1.id,
        r1_1.created_at,
        r1_1.description,
        r1_1.is_system,
        r1_1.name,
        p1_0.role_id,
        p1_1.id,
        p1_1.created_at,
        p1_1.description,
        p1_1.module,
        p1_1.name,
        p1_1.slug,
        p1_1.updated_at,
        r1_1.slug,
        r1_1.updated_at 
    from
        user_roles r1_0 
    join
        roles r1_1 
            on r1_1.id=r1_0.role_id 
    left join
        role_permissions p1_0 
            on r1_1.id=p1_0.role_id 
    left join
        permissions p1_1 
            on p1_1.id=p1_0.permission_id 
    where
        r1_0.user_id=?
2025-12-03 23:25:39 - Secured POST /api/users
2025-12-03 23:25:39 - Authorizing method invocation ReflectiveMethodInvocation: public org.springframework.http.ResponseEntity com.iglesia.adventistas.modules.users.controller.UserController.createUser(com.iglesia.adventistas.modules.users.dto.CreateUserRequest); target is of class [com.iglesia.adventistas.modules.users.controller.UserController]
2025-12-03 23:25:39 - Authorized method invocation ReflectiveMethodInvocation: public org.springframework.http.ResponseEntity com.iglesia.adventistas.modules.users.controller.UserController.createUser(com.iglesia.adventistas.modules.users.dto.CreateUserRequest); target is of class [com.iglesia.adventistas.modules.users.controller.UserController]
2025-12-03 23:25:39 - Creating user with email: condori@gmail.com
Hibernate: 
    select
        u1_0.id 
    from
        users u1_0 
    where
        u1_0.email=? 
    fetch
        first ? rows only
Hibernate: 
    select
        r1_0.id,
        r1_0.created_at,
        r1_0.description,
        r1_0.is_system,
        r1_0.name,
        r1_0.slug,
        r1_0.updated_at 
    from
        roles r1_0 
    where
        r1_0.id in (?)
Hibernate: 
    select
        p1_0.role_id,
        p1_1.id,
        p1_1.created_at,
        p1_1.description,
        p1_1.module,
        p1_1.name,
        p1_1.slug,
        p1_1.updated_at 
    from
        role_permissions p1_0 
    join
        permissions p1_1 
            on p1_1.id=p1_0.permission_id 
    where
        p1_0.role_id=?
Hibernate: 
    insert 
    into
        users
        (avatar_url, created_at, deleted_at, email, email_verified_at, first_name, is_active, last_login_at, last_name, password, phone, updated_at) 
    values
        (?, ?, ?, ?, ?, ?, ?, ?, ?, ?, ?, ?)
2025-12-03 23:25:39 - User created successfully with ID: 10
Hibernate: 
    insert 
    into
        user_roles
        (user_id, role_id) 
    values
        (?, ?)
2025-12-03 23:26:22 - Securing POST /api/departments
Hibernate: 
    select
        u1_0.id,
        u1_0.avatar_url,
        u1_0.created_at,
        u1_0.deleted_at,
        u1_0.email,
        u1_0.email_verified_at,
        u1_0.first_name,
        u1_0.is_active,
        u1_0.last_login_at,
        u1_0.last_name,
        u1_0.password,
        u1_0.phone,
        u1_0.updated_at 
    from
        users u1_0 
    where
        u1_0.email=? 
        and u1_0.deleted_at is null
Hibernate: 
    select
        r1_0.user_id,
        r1_1.id,
        r1_1.created_at,
        r1_1.description,
        r1_1.is_system,
        r1_1.name,
        p1_0.role_id,
        p1_1.id,
        p1_1.created_at,
        p1_1.description,
        p1_1.module,
        p1_1.name,
        p1_1.slug,
        p1_1.updated_at,
        r1_1.slug,
        r1_1.updated_at 
    from
        user_roles r1_0 
    join
        roles r1_1 
            on r1_1.id=r1_0.role_id 
    left join
        role_permissions p1_0 
            on r1_1.id=p1_0.role_id 
    left join
        permissions p1_1 
            on p1_1.id=p1_0.permission_id 
    where
        r1_0.user_id=?
2025-12-03 23:26:22 - Secured POST /api/departments
2025-12-03 23:26:22 - Authorizing method invocation ReflectiveMethodInvocation: public org.springframework.http.ResponseEntity com.iglesia.adventistas.modules.departments.controller.DepartmentController.createDepartment(com.iglesia.adventistas.modules.departments.dto.CreateDepartmentRequest); target is of class [com.iglesia.adventistas.modules.departments.controller.DepartmentController]
2025-12-03 23:26:22 - Failed to authorize ReflectiveMethodInvocation: public org.springframework.http.ResponseEntity com.iglesia.adventistas.modules.departments.controller.DepartmentController.createDepartment(com.iglesia.adventistas.modules.departments.dto.CreateDepartmentRequest); target is of class [com.iglesia.adventistas.modules.departments.controller.DepartmentController] with authorization manager org.springframework.security.config.annotation.method.configuration.DeferringObservationAuthorizationManager@6d72d0c5 and decision ExpressionAuthorizationDecision [granted=false, expressionAttribute=hasAuthority('departments.manage')]
2025-12-03 23:26:40 - Securing POST /api/departments
Hibernate: 
    select
        u1_0.id,
        u1_0.avatar_url,
        u1_0.created_at,
        u1_0.deleted_at,
        u1_0.email,
        u1_0.email_verified_at,
        u1_0.first_name,
        u1_0.is_active,
        u1_0.last_login_at,
        u1_0.last_name,
        u1_0.password,
        u1_0.phone,
        u1_0.updated_at 
    from
        users u1_0 
    where
        u1_0.email=? 
        and u1_0.deleted_at is null
Hibernate: 
    select
        r1_0.user_id,
        r1_1.id,
        r1_1.created_at,
        r1_1.description,
        r1_1.is_system,
        r1_1.name,
        p1_0.role_id,
        p1_1.id,
        p1_1.created_at,
        p1_1.description,
        p1_1.module,
        p1_1.name,
        p1_1.slug,
        p1_1.updated_at,
        r1_1.slug,
        r1_1.updated_at 
    from
        user_roles r1_0 
    join
        roles r1_1 
            on r1_1.id=r1_0.role_id 
    left join
        role_permissions p1_0 
            on r1_1.id=p1_0.role_id 
    left join
        permissions p1_1 
            on p1_1.id=p1_0.permission_id 
    where
        r1_0.user_id=?
2025-12-03 23:26:40 - Secured POST /api/departments
2025-12-03 23:26:40 - Authorizing method invocation ReflectiveMethodInvocation: public org.springframework.http.ResponseEntity com.iglesia.adventistas.modules.departments.controller.DepartmentController.createDepartment(com.iglesia.adventistas.modules.departments.dto.CreateDepartmentRequest); target is of class [com.iglesia.adventistas.modules.departments.controller.DepartmentController]
2025-12-03 23:26:40 - Failed to authorize ReflectiveMethodInvocation: public org.springframework.http.ResponseEntity com.iglesia.adventistas.modules.departments.controller.DepartmentController.createDepartment(com.iglesia.adventistas.modules.departments.dto.CreateDepartmentRequest); target is of class [com.iglesia.adventistas.modules.departments.controller.DepartmentController] with authorization manager org.springframework.security.config.annotation.method.configuration.DeferringObservationAuthorizationManager@6d72d0c5 and decision ExpressionAuthorizationDecision [granted=false, expressionAttribute=hasAuthority('departments.manage')]
2025-12-03 23:27:28 - Securing POST /api/categories
Hibernate: 
    select
        u1_0.id,
        u1_0.avatar_url,
        u1_0.created_at,
        u1_0.deleted_at,
        u1_0.email,
        u1_0.email_verified_at,
        u1_0.first_name,
        u1_0.is_active,
        u1_0.last_login_at,
        u1_0.last_name,
        u1_0.password,
        u1_0.phone,
        u1_0.updated_at 
    from
        users u1_0 
    where
        u1_0.email=? 
        and u1_0.deleted_at is null
Hibernate: 
    select
        r1_0.user_id,
        r1_1.id,
        r1_1.created_at,
        r1_1.description,
        r1_1.is_system,
        r1_1.name,
        p1_0.role_id,
        p1_1.id,
        p1_1.created_at,
        p1_1.description,
        p1_1.module,
        p1_1.name,
        p1_1.slug,
        p1_1.updated_at,
        r1_1.slug,
        r1_1.updated_at 
    from
        user_roles r1_0 
    join
        roles r1_1 
            on r1_1.id=r1_0.role_id 
    left join
        role_permissions p1_0 
            on r1_1.id=p1_0.role_id 
    left join
        permissions p1_1 
            on p1_1.id=p1_0.permission_id 
    where
        r1_0.user_id=?
2025-12-03 23:27:28 - Secured POST /api/categories
2025-12-03 23:27:28 - Authorizing method invocation ReflectiveMethodInvocation: public org.springframework.http.ResponseEntity com.iglesia.adventistas.modules.categories.controller.CategoryController.createCategory(com.iglesia.adventistas.modules.categories.dto.CreateCategoryRequest); target is of class [com.iglesia.adventistas.modules.categories.controller.CategoryController]
2025-12-03 23:27:28 - Failed to authorize ReflectiveMethodInvocation: public org.springframework.http.ResponseEntity com.iglesia.adventistas.modules.categories.controller.CategoryController.createCategory(com.iglesia.adventistas.modules.categories.dto.CreateCategoryRequest); target is of class [com.iglesia.adventistas.modules.categories.controller.CategoryController] with authorization manager org.springframework.security.config.annotation.method.configuration.DeferringObservationAuthorizationManager@6d72d0c5 and decision ExpressionAuthorizationDecision [granted=false, expressionAttribute=hasAuthority('categories.manage')]
[INFO] ------------------------------------------------------------------------
[INFO] BUILD FAILURE
[INFO] ------------------------------------------------------------------------
[INFO] Total time:  15:08 min
[INFO] Finished at: 2025-12-03T23:37:57-05:00
[INFO] ------------------------------------------------------------------------
[ERROR] Failed to execute goal org.springframework.boot:spring-boot-maven-plugin:3.2.1:run (default-cli) on project adventistas-backend: Process terminated with exit code: 137 -> [Help 1]
[ERROR] 
[ERROR] To see the full stack trace of the errors, re-run Maven with the -e switch.
[ERROR] Re-run Maven using the -X switch to enable full debug logging.
[ERROR] 
[ERROR] For more information about the errors and possible solutions, please read the following articles:
[ERROR] [Help 1] http://cwiki.apache.org/confluence/display/MAVEN/MojoExecutionException
